Start testing: Jun 17 02:16 PDT
----------------------------------------------------------
1/1 Testing: AtomicMetricTest.TestFlush
1/1 Test: AtomicMetricTest.TestFlush
Command: "/home/leonid/Projects/VKInfo/build/VKInfoTest/VKInfoTest" "--gtest_filter=AtomicMetricTest.TestFlush" "--gtest_also_run_disabled_tests"
Directory: /home/leonid/Projects/VKInfo/build/VKInfoTest
"AtomicMetricTest.TestFlush" start time: Jun 17 02:16 PDT
Output:
----------------------------------------------------------
Running main() from /home/leonid/Projects/VKInfo/build/_deps/googletest-src/googletest/src/gtest_main.cc
Note: Google Test filter = AtomicMetricTest.TestFlush
[==========] Running 1 test from 1 test suite.
[----------] Global test environment set-up.
[----------] 1 test from AtomicMetricTest
[ RUN      ] AtomicMetricTest.TestFlush
[       OK ] AtomicMetricTest.TestFlush (0 ms)
[----------] 1 test from AtomicMetricTest (0 ms total)

[----------] Global test environment tear-down
[==========] 1 test from 1 test suite ran. (0 ms total)
[  PASSED  ] 1 test.
<end of output>
Test time =   0.00 sec
----------------------------------------------------------
Test Passed.
"AtomicMetricTest.TestFlush" end time: Jun 17 02:16 PDT
"AtomicMetricTest.TestFlush" time elapsed: 00:00:00
----------------------------------------------------------

End testing: Jun 17 02:16 PDT
